[0.007s] Invoking command in '/home/antoine/ros2_ws/build/my_robot_description': /usr/bin/cmake /home/antoine/ros2_ws/src/my_robot_description -DCATKIN_INSTALL_INTO_PREFIX_ROOT=0 -DCMAKE_INSTALL_PREFIX=/home/antoine/ros2_ws/install/my_robot_description
[0.071s] -- The C compiler identification is GNU 11.4.0
[0.163s] -- The CXX compiler identification is GNU 11.4.0
[0.173s] -- Detecting C compiler ABI info
[0.237s] -- Detecting C compiler ABI info - done
[0.247s] -- Check for working C compiler: /usr/bin/cc - skipped
[0.248s] -- Detecting C compile features
[0.248s] -- Detecting C compile features - done
[0.252s] -- Detecting CXX compiler ABI info
[0.303s] -- Detecting CXX compiler ABI info - done
[0.308s] -- Check for working CXX compiler: /usr/bin/c++ - skipped
[0.308s] -- Detecting CXX compile features
[0.309s] -- Detecting CXX compile features - done
[0.311s] -- Found ament_cmake: 1.3.9 (/opt/ros/humble/share/ament_cmake/cmake)
[0.410s] -- Found Python3: /usr/bin/python3 (found version "3.10.12") found components: Interpreter 
[0.508s] -- Configuring done
[0.510s] -- Generating done
[0.510s] [33mCMake Warning:
[0.510s]   Manually-specified variables were not used by the project:
[0.510s] 
[0.510s]     CATKIN_INSTALL_INTO_PREFIX_ROOT
[0.510s] 
[0.511s] [0m
[0.511s] -- Build files have been written to: /home/antoine/ros2_ws/build/my_robot_description
[0.513s] Invoked command in '/home/antoine/ros2_ws/build/my_robot_description' returned '0': /usr/bin/cmake /home/antoine/ros2_ws/src/my_robot_description -DCATKIN_INSTALL_INTO_PREFIX_ROOT=0 -DCMAKE_INSTALL_PREFIX=/home/antoine/ros2_ws/install/my_robot_description
[0.515s] Invoking command in '/home/antoine/ros2_ws/build/my_robot_description': /usr/bin/cmake --build /home/antoine/ros2_ws/build/my_robot_description -- -j16 -l16
[0.537s] Invoked command in '/home/antoine/ros2_ws/build/my_robot_description' returned '0': /usr/bin/cmake --build /home/antoine/ros2_ws/build/my_robot_description -- -j16 -l16
[0.577s] Invoking command in '/home/antoine/ros2_ws/build/my_robot_description': /usr/bin/cmake --install /home/antoine/ros2_ws/build/my_robot_description
[0.583s] -- Install configuration: ""
[0.583s] -- Installing: /home/antoine/ros2_ws/install/my_robot_description/share/my_robot_description/urdf
[0.583s] -- Installing: /home/antoine/ros2_ws/install/my_robot_description/share/my_robot_description/urdf/URDFV0-1.urdf
[0.583s] -- Installing: /home/antoine/ros2_ws/install/my_robot_description/share/my_robot_description/meshes
[0.583s] -- Installing: /home/antoine/ros2_ws/install/my_robot_description/share/my_robot_description/meshes/link1.STL
[0.593s] -- Installing: /home/antoine/ros2_ws/install/my_robot_description/share/my_robot_description/meshes/Link3.STL
[0.603s] -- Installing: /home/antoine/ros2_ws/install/my_robot_description/share/my_robot_description/meshes/Link2.STL
[0.612s] -- Installing: /home/antoine/ros2_ws/install/my_robot_description/share/my_robot_description/meshes/base_link.STL
[0.636s] -- Installing: /home/antoine/ros2_ws/install/my_robot_description/share/my_robot_description/meshes/link4.STL
[0.637s] -- Installing: /home/antoine/ros2_ws/install/my_robot_description/share/my_robot_description/launch
[0.637s] -- Installing: /home/antoine/ros2_ws/install/my_robot_description/share/my_robot_description/launch/display.launch.py
[0.637s] -- Installing: /home/antoine/ros2_ws/install/my_robot_description/share/my_robot_description/launch/gazebo.launch.py
[0.638s] -- Installing: /home/antoine/ros2_ws/install/my_robot_description/share/ament_index/resource_index/package_run_dependencies/my_robot_description
[0.638s] -- Installing: /home/antoine/ros2_ws/install/my_robot_description/share/ament_index/resource_index/parent_prefix_path/my_robot_description
[0.638s] -- Installing: /home/antoine/ros2_ws/install/my_robot_description/share/my_robot_description/environment/ament_prefix_path.sh
[0.638s] -- Installing: /home/antoine/ros2_ws/install/my_robot_description/share/my_robot_description/environment/ament_prefix_path.dsv
[0.638s] -- Installing: /home/antoine/ros2_ws/install/my_robot_description/share/my_robot_description/environment/path.sh
[0.638s] -- Installing: /home/antoine/ros2_ws/install/my_robot_description/share/my_robot_description/environment/path.dsv
[0.638s] -- Installing: /home/antoine/ros2_ws/install/my_robot_description/share/my_robot_description/local_setup.bash
[0.638s] -- Installing: /home/antoine/ros2_ws/install/my_robot_description/share/my_robot_description/local_setup.sh
[0.639s] -- Installing: /home/antoine/ros2_ws/install/my_robot_description/share/my_robot_description/local_setup.zsh
[0.639s] -- Installing: /home/antoine/ros2_ws/install/my_robot_description/share/my_robot_description/local_setup.dsv
[0.639s] -- Installing: /home/antoine/ros2_ws/install/my_robot_description/share/my_robot_description/package.dsv
[0.639s] -- Installing: /home/antoine/ros2_ws/install/my_robot_description/share/ament_index/resource_index/packages/my_robot_description
[0.639s] -- Installing: /home/antoine/ros2_ws/install/my_robot_description/share/my_robot_description/cmake/my_robot_descriptionConfig.cmake
[0.639s] -- Installing: /home/antoine/ros2_ws/install/my_robot_description/share/my_robot_description/cmake/my_robot_descriptionConfig-version.cmake
[0.639s] -- Installing: /home/antoine/ros2_ws/install/my_robot_description/share/my_robot_description/package.xml
[0.640s] Invoked command in '/home/antoine/ros2_ws/build/my_robot_description' returned '0': /usr/bin/cmake --install /home/antoine/ros2_ws/build/my_robot_description
