-- Install configuration: ""
-- Up-to-date: /home/antoine/ros2_ws/install/my_robot_description/share/my_robot_description/urdf
-- Up-to-date: /home/antoine/ros2_ws/install/my_robot_description/share/my_robot_description/urdf/URDFV0-1.urdf
-- Up-to-date: /home/antoine/ros2_ws/install/my_robot_description/share/my_robot_description/meshes
-- Up-to-date: /home/antoine/ros2_ws/install/my_robot_description/share/my_robot_description/meshes/link1.STL
-- Up-to-date: /home/antoine/ros2_ws/install/my_robot_description/share/my_robot_description/meshes/Link3.STL
-- Up-to-date: /home/antoine/ros2_ws/install/my_robot_description/share/my_robot_description/meshes/Link2.STL
-- Up-to-date: /home/antoine/ros2_ws/install/my_robot_description/share/my_robot_description/meshes/base_link.STL
-- Up-to-date: /home/antoine/ros2_ws/install/my_robot_description/share/my_robot_description/meshes/link4.STL
-- Up-to-date: /home/antoine/ros2_ws/install/my_robot_description/share/my_robot_description/launch
-- Installing: /home/antoine/ros2_ws/install/my_robot_description/share/my_robot_description/launch/__pycache__
-- Installing: /home/antoine/ros2_ws/install/my_robot_description/share/my_robot_description/launch/__pycache__/gazebo.launch.cpython-310.pyc
-- Up-to-date: /home/antoine/ros2_ws/install/my_robot_description/share/my_robot_description/launch/display.launch.py
-- Up-to-date: /home/antoine/ros2_ws/install/my_robot_description/share/my_robot_description/launch/gazebo.launch.py
-- Up-to-date: /home/antoine/ros2_ws/install/my_robot_description/share/ament_index/resource_index/package_run_dependencies/my_robot_description
-- Up-to-date: /home/antoine/ros2_ws/install/my_robot_description/share/ament_index/resource_index/parent_prefix_path/my_robot_description
-- Up-to-date: /home/antoine/ros2_ws/install/my_robot_description/share/my_robot_description/environment/ament_prefix_path.sh
-- Up-to-date: /home/antoine/ros2_ws/install/my_robot_description/share/my_robot_description/environment/ament_prefix_path.dsv
-- Up-to-date: /home/antoine/ros2_ws/install/my_robot_description/share/my_robot_description/environment/path.sh
-- Up-to-date: /home/antoine/ros2_ws/install/my_robot_description/share/my_robot_description/environment/path.dsv
-- Up-to-date: /home/antoine/ros2_ws/install/my_robot_description/share/my_robot_description/local_setup.bash
-- Up-to-date: /home/antoine/ros2_ws/install/my_robot_description/share/my_robot_description/local_setup.sh
-- Up-to-date: /home/antoine/ros2_ws/install/my_robot_description/share/my_robot_description/local_setup.zsh
-- Up-to-date: /home/antoine/ros2_ws/install/my_robot_description/share/my_robot_description/local_setup.dsv
-- Up-to-date: /home/antoine/ros2_ws/install/my_robot_description/share/my_robot_description/package.dsv
-- Up-to-date: /home/antoine/ros2_ws/install/my_robot_description/share/ament_index/resource_index/packages/my_robot_description
-- Up-to-date: /home/antoine/ros2_ws/install/my_robot_description/share/my_robot_description/cmake/my_robot_descriptionConfig.cmake
-- Up-to-date: /home/antoine/ros2_ws/install/my_robot_description/share/my_robot_description/cmake/my_robot_descriptionConfig-version.cmake
-- Up-to-date: /home/antoine/ros2_ws/install/my_robot_description/share/my_robot_description/package.xml
