[0.011s] Invoking command in '/home/antoine/ros2_ws/build/my_robot_description': /usr/bin/cmake --build /home/antoine/ros2_ws/build/my_robot_description -- -j16 -l16
[0.057s] Invoked command in '/home/antoine/ros2_ws/build/my_robot_description' returned '0': /usr/bin/cmake --build /home/antoine/ros2_ws/build/my_robot_description -- -j16 -l16
[0.105s] Invoking command in '/home/antoine/ros2_ws/build/my_robot_description': /usr/bin/cmake --install /home/antoine/ros2_ws/build/my_robot_description
[0.110s] -- Install configuration: ""
[0.110s] -- Up-to-date: /home/antoine/ros2_ws/install/my_robot_description/share/my_robot_description/urdf
[0.110s] -- Up-to-date: /home/antoine/ros2_ws/install/my_robot_description/share/my_robot_description/urdf/URDFV0-1.urdf
[0.110s] -- Up-to-date: /home/antoine/ros2_ws/install/my_robot_description/share/my_robot_description/meshes
[0.111s] -- Up-to-date: /home/antoine/ros2_ws/install/my_robot_description/share/my_robot_description/meshes/link1.STL
[0.111s] -- Up-to-date: /home/antoine/ros2_ws/install/my_robot_description/share/my_robot_description/meshes/Link3.STL
[0.111s] -- Up-to-date: /home/antoine/ros2_ws/install/my_robot_description/share/my_robot_description/meshes/Link2.STL
[0.111s] -- Up-to-date: /home/antoine/ros2_ws/install/my_robot_description/share/my_robot_description/meshes/base_link.STL
[0.111s] -- Up-to-date: /home/antoine/ros2_ws/install/my_robot_description/share/my_robot_description/meshes/link4.STL
[0.111s] -- Up-to-date: /home/antoine/ros2_ws/install/my_robot_description/share/my_robot_description/launch
[0.111s] -- Up-to-date: /home/antoine/ros2_ws/install/my_robot_description/share/my_robot_description/launch/__pycache__
[0.111s] -- Up-to-date: /home/antoine/ros2_ws/install/my_robot_description/share/my_robot_description/launch/__pycache__/gazebo.launch.cpython-310.pyc
[0.111s] -- Up-to-date: /home/antoine/ros2_ws/install/my_robot_description/share/my_robot_description/launch/spawn_robot.launch.py
[0.111s] -- Up-to-date: /home/antoine/ros2_ws/install/my_robot_description/share/my_robot_description/launch/display.launch.py
[0.111s] -- Up-to-date: /home/antoine/ros2_ws/install/my_robot_description/share/my_robot_description/launch/gazebo.launch.py
[0.111s] -- Up-to-date: /home/antoine/ros2_ws/install/my_robot_description/share/ament_index/resource_index/package_run_dependencies/my_robot_description
[0.111s] -- Up-to-date: /home/antoine/ros2_ws/install/my_robot_description/share/ament_index/resource_index/parent_prefix_path/my_robot_description
[0.112s] -- Up-to-date: /home/antoine/ros2_ws/install/my_robot_description/share/my_robot_description/environment/ament_prefix_path.sh
[0.112s] -- Up-to-date: /home/antoine/ros2_ws/install/my_robot_description/share/my_robot_description/environment/ament_prefix_path.dsv
[0.112s] -- Up-to-date: /home/antoine/ros2_ws/install/my_robot_description/share/my_robot_description/environment/path.sh
[0.112s] -- Up-to-date: /home/antoine/ros2_ws/install/my_robot_description/share/my_robot_description/environment/path.dsv
[0.112s] -- Up-to-date: /home/antoine/ros2_ws/install/my_robot_description/share/my_robot_description/local_setup.bash
[0.112s] -- Up-to-date: /home/antoine/ros2_ws/install/my_robot_description/share/my_robot_description/local_setup.sh
[0.112s] -- Up-to-date: /home/antoine/ros2_ws/install/my_robot_description/share/my_robot_description/local_setup.zsh
[0.112s] -- Up-to-date: /home/antoine/ros2_ws/install/my_robot_description/share/my_robot_description/local_setup.dsv
[0.112s] -- Installing: /home/antoine/ros2_ws/install/my_robot_description/share/my_robot_description/package.dsv
[0.112s] -- Up-to-date: /home/antoine/ros2_ws/install/my_robot_description/share/ament_index/resource_index/packages/my_robot_description
[0.112s] -- Up-to-date: /home/antoine/ros2_ws/install/my_robot_description/share/my_robot_description/cmake/my_robot_descriptionConfig.cmake
[0.113s] -- Up-to-date: /home/antoine/ros2_ws/install/my_robot_description/share/my_robot_description/cmake/my_robot_descriptionConfig-version.cmake
[0.113s] -- Up-to-date: /home/antoine/ros2_ws/install/my_robot_description/share/my_robot_description/package.xml
[0.115s] Invoked command in '/home/antoine/ros2_ws/build/my_robot_description' returned '0': /usr/bin/cmake --install /home/antoine/ros2_ws/build/my_robot_description
